
Connected to: Oracle Database 11g Enterprise Edition Release 11.2.0.1.0 - 64bit Production
With the Partitioning, OLAP, Data Mining and Real Application Testing options
Export done in US7ASCII character set and AL16UTF16 NCHAR character set
server uses AL32UTF8 character set (possible charset conversion)

About to export specified users ...
. exporting pre-schema procedural objects and actions
. exporting foreign function library names for user KOLOTV 
. exporting PUBLIC type synonyms
. exporting private type synonyms
. exporting object type definitions for user KOLOTV 
About to export KOLOTV's objects ...
. exporting database links
. exporting sequence numbers
. exporting cluster definitions
. about to export KOLOTV's tables via Conventional Path ...
. . exporting table                           ACTE       2012 rows exported
EXP-00091: Exporting questionable statistics.
EXP-00091: Exporting questionable statistics.
. . exporting table                    ACTEDETAILS          0 rows exported
EXP-00091: Exporting questionable statistics.
EXP-00091: Exporting questionable statistics.
. . exporting table                     ACTIONROLE          0 rows exported
EXP-00091: Exporting questionable statistics.
EXP-00091: Exporting questionable statistics.
. . exporting table                         AGENCE          4 rows exported
EXP-00091: Exporting questionable statistics.
. . exporting table                  ANCIEN_CAISSE         10 rows exported
EXP-00091: Exporting questionable statistics.
. . exporting table          ANNULATIONUTILISATEUR          6 rows exported
EXP-00091: Exporting questionable statistics.
. . exporting table                   ANOMALIEORDO       6833 rows exported
EXP-00091: Exporting questionable statistics.
. . exporting table                    ARTICLEPRIX       3104 rows exported
EXP-00091: Exporting questionable statistics.
. . exporting table               AS_BONDECOMMANDE          0 rows exported
EXP-00091: Exporting questionable statistics.
. . exporting table         AS_BONDECOMMANDE_FILLE          0 rows exported
EXP-00091: Exporting questionable statistics.
. . exporting table              AS_BONDELIVRAISON          0 rows exported
EXP-00091: Exporting questionable statistics.
EXP-00091: Exporting questionable statistics.
. . exporting table       AS_BONDELIVRAISON_CLIENT          0 rows exported
EXP-00091: Exporting questionable statistics.
. . exporting table AS_BONDELIVRAISON_CLIENT_FILLE          0 rows exported
EXP-00091: Exporting questionable statistics.
. . exporting table        AS_BONDELIVRAISON_FILLE          0 rows exported
EXP-00091: Exporting questionable statistics.
EXP-00091: Exporting questionable statistics.
. . exporting table                 AS_INGREDIENTS        404 rows exported
EXP-00091: Exporting questionable statistics.
. . exporting table                     AS_RECETTE          0 rows exported
EXP-00091: Exporting questionable statistics.
. . exporting table                AS_RECETTE_BACK         12 rows exported
EXP-00091: Exporting questionable statistics.
. . exporting table                       AS_UNITE         10 rows exported
EXP-00091: Exporting questionable statistics.
EXP-00091: Exporting questionable statistics.
. . exporting table               ATTACHER_FICHIER         43 rows exported
EXP-00091: Exporting questionable statistics.
. . exporting table                        AVOIRFC          5 rows exported
EXP-00091: Exporting questionable statistics.
EXP-00091: Exporting questionable statistics.
. . exporting table                   AVOIRFCFILLE          6 rows exported
EXP-00091: Exporting questionable statistics.
EXP-00091: Exporting questionable statistics.
. . exporting table                   BILANSECTION          2 rows exported
EXP-00091: Exporting questionable statistics.
EXP-00091: Exporting questionable statistics.
. . exporting table           BILAN_SECTION_COMPTE          1 rows exported
EXP-00091: Exporting questionable statistics.
EXP-00091: Exporting questionable statistics.
. . exporting table                    BONCOMMANDE          1 rows exported
EXP-00091: Exporting questionable statistics.
EXP-00091: Exporting questionable statistics.
. . exporting table           BONDECOMMANDE_CLIENT          6 rows exported
EXP-00091: Exporting questionable statistics.
EXP-00091: Exporting questionable statistics.
. . exporting table     BONDECOMMANDE_CLIENT_FILLE          7 rows exported
EXP-00091: Exporting questionable statistics.
EXP-00091: Exporting questionable statistics.
. . exporting table                         CAISSE         12 rows exported
EXP-00091: Exporting questionable statistics.
EXP-00091: Exporting questionable statistics.
. . exporting table                         CARTON          0 rows exported
EXP-00091: Exporting questionable statistics.
EXP-00091: Exporting questionable statistics.
. . exporting table                    CARTONFILLE          0 rows exported
EXP-00091: Exporting questionable statistics.
EXP-00091: Exporting questionable statistics.
. . exporting table                      CATEGORIE          3 rows exported
EXP-00091: Exporting questionable statistics.
EXP-00091: Exporting questionable statistics.
. . exporting table               CATEGORIEAVOIRFC          0 rows exported
EXP-00091: Exporting questionable statistics.
EXP-00091: Exporting questionable statistics.
. . exporting table                CATEGORIECAISSE          8 rows exported
EXP-00091: Exporting questionable statistics.
EXP-00091: Exporting questionable statistics.
. . exporting table                 CATEGORIEHEURE          2 rows exported
EXP-00091: Exporting questionable statistics.
EXP-00091: Exporting questionable statistics.
. . exporting table            CATEGORIEINGREDIENT         17 rows exported
EXP-00091: Exporting questionable statistics.
. . exporting table               CATEGORIE_CENTRE          0 rows exported
EXP-00091: Exporting questionable statistics.
EXP-00091: Exporting questionable statistics.
. . exporting table                         CENTRE          0 rows exported
EXP-00091: Exporting questionable statistics.
EXP-00091: Exporting questionable statistics.
. . exporting table                        CHECKIN          0 rows exported
EXP-00091: Exporting questionable statistics.
. . exporting table                       CHECKOUT          0 rows exported
EXP-00091: Exporting questionable statistics.
. . exporting table                         CHEQUE          0 rows exported
EXP-00091: Exporting questionable statistics.
EXP-00091: Exporting questionable statistics.
. . exporting table                  CLASSEETFICHE          6 rows exported
EXP-00091: Exporting questionable statistics.
. . exporting table                         CLIENT        560 rows exported
EXP-00091: Exporting questionable statistics.
. . exporting table             CLOTURE_MOIS_ANNEE         13 rows exported
EXP-00091: Exporting questionable statistics.
. . exporting table                     CNAPS_USER         21 rows exported
EXP-00091: Exporting questionable statistics.
EXP-00091: Exporting questionable statistics.
. . exporting table           COMPTA_CLASSE_COMPTE          8 rows exported
EXP-00091: Exporting questionable statistics.
. . exporting table                  COMPTA_COMPTE        214 rows exported
EXP-00091: Exporting questionable statistics.
EXP-00091: Exporting questionable statistics.
. . exporting table                COMPTA_ECRITURE        249 rows exported
EXP-00091: Exporting questionable statistics.
. . exporting table                COMPTA_EXERCICE          4 rows exported
EXP-00091: Exporting questionable statistics.
. . exporting table                 COMPTA_JOURNAL         13 rows exported
EXP-00091: Exporting questionable statistics.
. . exporting table                COMPTA_LETTRAGE          1 rows exported
EXP-00091: Exporting questionable statistics.
EXP-00091: Exporting questionable statistics.
EXP-00091: Exporting questionable statistics.
. . exporting table                 COMPTA_ORIGINE         15 rows exported
EXP-00091: Exporting questionable statistics.
. . exporting table           COMPTA_SOUS_ECRITURE        486 rows exported
EXP-00091: Exporting questionable statistics.
. . exporting table             COMPTA_TYPE_COMPTE          4 rows exported
EXP-00091: Exporting questionable statistics.
. . exporting table                CONDITIONNEMENT        271 rows exported
EXP-00091: Exporting questionable statistics.
. . exporting table                  CONFIGURATION          1 rows exported
EXP-00091: Exporting questionable statistics.
EXP-00091: Exporting questionable statistics.
. . exporting table              CONFIGURATIONPRIX          2 rows exported
EXP-00091: Exporting questionable statistics.
. . exporting table                        DEPENSE          0 rows exported
EXP-00091: Exporting questionable statistics.
EXP-00091: Exporting questionable statistics.
. . exporting table               DETAILSBONCAISSE          0 rows exported
EXP-00091: Exporting questionable statistics.
EXP-00091: Exporting questionable statistics.
. . exporting table                         DEVISE          3 rows exported
EXP-00091: Exporting questionable statistics.
EXP-00091: Exporting questionable statistics.
. . exporting table                      DIRECTION          1 rows exported
EXP-00091: Exporting questionable statistics.
EXP-00091: Exporting questionable statistics.
. . exporting table                   DUREEMAXSPOT          0 rows exported
EXP-00091: Exporting questionable statistics.
EXP-00091: Exporting questionable statistics.
. . exporting table                       EMISSION        124 rows exported
EXP-00091: Exporting questionable statistics.
. . exporting table                EMISSIONDETAILS        761 rows exported
EXP-00091: Exporting questionable statistics.
. . exporting table                   ENCAISSEMENT          4 rows exported
EXP-00091: Exporting questionable statistics.
. . exporting table           ENCAISSEMENT_DETAILS          0 rows exported
EXP-00091: Exporting questionable statistics.
. . exporting table                    EQUIVALENCE          0 rows exported
EXP-00091: Exporting questionable statistics.
EXP-00091: Exporting questionable statistics.
EXP-00091: Exporting questionable statistics.
. . exporting table                      ETATSTOCK          0 rows exported
EXP-00091: Exporting questionable statistics.
EXP-00091: Exporting questionable statistics.
. . exporting table                    FABRICATION          0 rows exported
EXP-00091: Exporting questionable statistics.
. . exporting table               FABRICATIONFILLE          0 rows exported
EXP-00091: Exporting questionable statistics.
. . exporting table                  FACTURECLIENT          0 rows exported
EXP-00091: Exporting questionable statistics.
EXP-00091: Exporting questionable statistics.
. . exporting table           FACTURECLIENTDETAILS          0 rows exported
EXP-00091: Exporting questionable statistics.
EXP-00091: Exporting questionable statistics.
. . exporting table             FACTUREFOURNISSEUR          1 rows exported
EXP-00091: Exporting questionable statistics.
EXP-00091: Exporting questionable statistics.
. . exporting table        FACTUREFOURNISSEURFILLE          1 rows exported
EXP-00091: Exporting questionable statistics.
EXP-00091: Exporting questionable statistics.
. . exporting table                    FOURNISSEUR          2 rows exported
EXP-00091: Exporting questionable statistics.
EXP-00091: Exporting questionable statistics.
. . exporting table                    HISTOINSERT       3414 rows exported
EXP-00091: Exporting questionable statistics.
EXP-00091: Exporting questionable statistics.
. . exporting table                     HISTORIQUE     339623 rows exported
EXP-00091: Exporting questionable statistics.
EXP-00091: Exporting questionable statistics.
. . exporting table                HISTORIQUEPUING         10 rows exported
EXP-00091: Exporting questionable statistics.
. . exporting table                HISTORIQUEPVING          7 rows exported
EXP-00091: Exporting questionable statistics.
. . exporting table             HISTORIQUE_PRODUIT         22 rows exported
EXP-00091: Exporting questionable statistics.
EXP-00091: Exporting questionable statistics.
. . exporting table                INDISPONIBILITE          0 rows exported
EXP-00091: Exporting questionable statistics.
. . exporting table                     INVENTAIRE         70 rows exported
EXP-00091: Exporting questionable statistics.
EXP-00091: Exporting questionable statistics.
. . exporting table                INVENTAIREFILLE         48 rows exported
EXP-00091: Exporting questionable statistics.
EXP-00091: Exporting questionable statistics.
. . exporting table                          JAUGE          0 rows exported
EXP-00091: Exporting questionable statistics.
EXP-00091: Exporting questionable statistics.
. . exporting table                           JOUR          7 rows exported
EXP-00091: Exporting questionable statistics.
EXP-00091: Exporting questionable statistics.
. . exporting table                    LIAISONBCBL          0 rows exported
EXP-00091: Exporting questionable statistics.
EXP-00091: Exporting questionable statistics.
. . exporting table                    LIAISONBCFC          0 rows exported
EXP-00091: Exporting questionable statistics.
EXP-00091: Exporting questionable statistics.
. . exporting table                      LIVRAISON          0 rows exported
EXP-00091: Exporting questionable statistics.
EXP-00091: Exporting questionable statistics.
. . exporting table                  LOG_DIRECTION          9 rows exported
EXP-00091: Exporting questionable statistics.
. . exporting table                  LOG_PERSONNEL       2580 rows exported
EXP-00091: Exporting questionable statistics.
EXP-00091: Exporting questionable statistics.
. . exporting table                    LOG_SERVICE        160 rows exported
EXP-00091: Exporting questionable statistics.
. . exporting table                       MAGASIN2          2 rows exported
EXP-00091: Exporting questionable statistics.
EXP-00091: Exporting questionable statistics.
. . exporting table                          MEDIA          4 rows exported
EXP-00091: Exporting questionable statistics.
EXP-00091: Exporting questionable statistics.
. . exporting table                  MENUDYNAMIQUE        328 rows exported
EXP-00091: Exporting questionable statistics.
. . exporting table                        MESSAGE         34 rows exported
EXP-00091: Exporting questionable statistics.
EXP-00091: Exporting questionable statistics.
. . exporting table                   MODEPAIEMENT          3 rows exported
EXP-00091: Exporting questionable statistics.
EXP-00091: Exporting questionable statistics.
. . exporting table                     MODEREMISE          2 rows exported
EXP-00091: Exporting questionable statistics.
EXP-00091: Exporting questionable statistics.
. . exporting table                   MOTIFAVOIRFC          0 rows exported
EXP-00091: Exporting questionable statistics.
EXP-00091: Exporting questionable statistics.
. . exporting table                MOUVEMENTCAISSE         24 rows exported
EXP-00091: Exporting questionable statistics.
EXP-00091: Exporting questionable statistics.
. . exporting table             MVTCAISSEPREVISION          0 rows exported
EXP-00091: Exporting questionable statistics.
. . exporting table                       MVTSTOCK          0 rows exported
EXP-00091: Exporting questionable statistics.
EXP-00091: Exporting questionable statistics.
. . exporting table                  MVTSTOCKFILLE          0 rows exported
EXP-00091: Exporting questionable statistics.
EXP-00091: Exporting questionable statistics.
. . exporting table              MVTSTOCKFILLEBACK        137 rows exported
EXP-00091: Exporting questionable statistics.
. . exporting table                       MY_TABLE       1844 rows exported
EXP-00091: Exporting questionable statistics.
. . exporting table                   NOTIFICATION        513 rows exported
EXP-00091: Exporting questionable statistics.
. . exporting table                           OFAB          0 rows exported
EXP-00091: Exporting questionable statistics.
. . exporting table                        OFFILLE          0 rows exported
EXP-00091: Exporting questionable statistics.
. . exporting table               ORDONNERPAIEMENT          0 rows exported
EXP-00091: Exporting questionable statistics.
EXP-00091: Exporting questionable statistics.
. . exporting table         ORDONNERPAIEMENTDETAIL          0 rows exported
EXP-00091: Exporting questionable statistics.
EXP-00091: Exporting questionable statistics.
. . exporting table                 ORDREDIFFUSION          3 rows exported
EXP-00091: Exporting questionable statistics.
EXP-00091: Exporting questionable statistics.
. . exporting table                    PAIEMENTBON          0 rows exported
EXP-00091: Exporting questionable statistics.
EXP-00091: Exporting questionable statistics.
. . exporting table                     PAIEMENTFF          0 rows exported
EXP-00091: Exporting questionable statistics.
EXP-00091: Exporting questionable statistics.
. . exporting table                     PARAMCRYPT         21 rows exported
EXP-00091: Exporting questionable statistics.
EXP-00091: Exporting questionable statistics.
. . exporting table             PARRAINAGEEMISSION         36 rows exported
EXP-00091: Exporting questionable statistics.
. . exporting table      PARRAINAGEEMISSIONDETAILS         40 rows exported
EXP-00091: Exporting questionable statistics.
EXP-00091: Exporting questionable statistics.
. . exporting table            PARTICIPANTEMISSION          0 rows exported
EXP-00091: Exporting questionable statistics.
. . exporting table                      PERSONNEL          2 rows exported
EXP-00091: Exporting questionable statistics.
. . exporting table              PERTEGAINIMPREVUE          5 rows exported
EXP-00091: Exporting questionable statistics.
EXP-00091: Exporting questionable statistics.
. . exporting table                          PLAGE         28 rows exported
EXP-00091: Exporting questionable statistics.
EXP-00091: Exporting questionable statistics.
. . exporting table                        PLATEAU          1 rows exported
EXP-00091: Exporting questionable statistics.
EXP-00091: Exporting questionable statistics.
. . exporting table                          POINT          7 rows exported
EXP-00091: Exporting questionable statistics.
EXP-00091: Exporting questionable statistics.
. . exporting table                          POMPE          0 rows exported
EXP-00091: Exporting questionable statistics.
EXP-00091: Exporting questionable statistics.
. . exporting table  PRECISION_DETAIL_ENCAISSEMENT          0 rows exported
EXP-00091: Exporting questionable statistics.
EXP-00091: Exporting questionable statistics.
. . exporting table                    PRELEVEMENT          0 rows exported
EXP-00091: Exporting questionable statistics.
. . exporting table           PRELEVEMENT_ENCAISSE          0 rows exported
EXP-00091: Exporting questionable statistics.
EXP-00091: Exporting questionable statistics.
. . exporting table                      PREVISION        244 rows exported
EXP-00091: Exporting questionable statistics.
EXP-00091: Exporting questionable statistics.
. . exporting table                        PROCESS         17 rows exported
EXP-00091: Exporting questionable statistics.
. . exporting table                        PRODUIT         15 rows exported
EXP-00091: Exporting questionable statistics.
EXP-00091: Exporting questionable statistics.
. . exporting table                       PROFORMA         18 rows exported
EXP-00091: Exporting questionable statistics.
EXP-00091: Exporting questionable statistics.
. . exporting table               PROFORMA_DETAILS         27 rows exported
EXP-00091: Exporting questionable statistics.
EXP-00091: Exporting questionable statistics.
. . exporting table               RAP_OPERATIONNEL       1601 rows exported
EXP-00091: Exporting questionable statistics.
. . exporting table                   REPORTCAISSE          9 rows exported
EXP-00091: Exporting questionable statistics.
EXP-00091: Exporting questionable statistics.
. . exporting table              REQUETE_A_ENVOYER       6728 rows exported
EXP-00091: Exporting questionable statistics.
. . exporting table       REQUETE_A_ENVOYER_GROUPE          5 rows exported
EXP-00091: Exporting questionable statistics.
. . exporting table                REQUETE_EXECUTE         68 rows exported
EXP-00091: Exporting questionable statistics.
. . exporting table                    RESERVATION        954 rows exported
EXP-00091: Exporting questionable statistics.
EXP-00091: Exporting questionable statistics.
. . exporting table             RESERVATIONDETAILS      69273 rows exported
EXP-00091: Exporting questionable statistics.
EXP-00091: Exporting questionable statistics.
. . exporting table                          ROLES          6 rows exported
EXP-00091: Exporting questionable statistics.
EXP-00091: Exporting questionable statistics.
. . exporting table               SERVER_BROADCAST          1 rows exported
EXP-00091: Exporting questionable statistics.
. . exporting table                          SEUIL          0 rows exported
EXP-00091: Exporting questionable statistics.
EXP-00091: Exporting questionable statistics.
. . exporting table                         SOURCE          0 rows exported
EXP-00091: Exporting questionable statistics.
EXP-00091: Exporting questionable statistics.
. . exporting table                  SOUSCATEGORIE        125 rows exported
EXP-00091: Exporting questionable statistics.
. . exporting table                        SUPPORT         16 rows exported
EXP-00091: Exporting questionable statistics.
EXP-00091: Exporting questionable statistics.
. . exporting table                   TAUXDECHANGE         20 rows exported
EXP-00091: Exporting questionable statistics.
EXP-00091: Exporting questionable statistics.
. . exporting table                 TRANSFERTSTOCK          0 rows exported
EXP-00091: Exporting questionable statistics.
EXP-00091: Exporting questionable statistics.
. . exporting table          TRANSFERTSTOCKDETAILS          0 rows exported
EXP-00091: Exporting questionable statistics.
EXP-00091: Exporting questionable statistics.
. . exporting table                     TYPECAISSE          4 rows exported
EXP-00091: Exporting questionable statistics.
EXP-00091: Exporting questionable statistics.
. . exporting table        TYPECATEGORIEINGREDIENT          3 rows exported
EXP-00091: Exporting questionable statistics.
. . exporting table                   TYPEEMISSION         14 rows exported
EXP-00091: Exporting questionable statistics.
EXP-00091: Exporting questionable statistics.
. . exporting table                  TYPEGAINPERTE          5 rows exported
EXP-00091: Exporting questionable statistics.
EXP-00091: Exporting questionable statistics.
. . exporting table                    TYPEMAGASIN          4 rows exported
EXP-00091: Exporting questionable statistics.
EXP-00091: Exporting questionable statistics.
. . exporting table                      TYPEMEDIA          2 rows exported
EXP-00091: Exporting questionable statistics.
EXP-00091: Exporting questionable statistics.
. . exporting table                   TYPEMVTSTOCK          2 rows exported
EXP-00091: Exporting questionable statistics.
EXP-00091: Exporting questionable statistics.
. . exporting table                    TYPE_CENTRE          0 rows exported
EXP-00091: Exporting questionable statistics.
EXP-00091: Exporting questionable statistics.
. . exporting table              TYPE_ENCAISSEMENT          2 rows exported
EXP-00091: Exporting questionable statistics.
EXP-00091: Exporting questionable statistics.
. . exporting table                   TYPE_FACTURE          0 rows exported
EXP-00091: Exporting questionable statistics.
. . exporting table                   TYPE_PRODUIT          6 rows exported
EXP-00091: Exporting questionable statistics.
EXP-00091: Exporting questionable statistics.
. . exporting table                          UNITE          5 rows exported
EXP-00091: Exporting questionable statistics.
EXP-00091: Exporting questionable statistics.
. . exporting table                   USERHOMEPAGE          0 rows exported
EXP-00091: Exporting questionable statistics.
EXP-00091: Exporting questionable statistics.
. . exporting table                       USERMENU         73 rows exported
EXP-00091: Exporting questionable statistics.
EXP-00091: Exporting questionable statistics.
. . exporting table                    UTILISATEUR         17 rows exported
EXP-00091: Exporting questionable statistics.
EXP-00091: Exporting questionable statistics.
. . exporting table                          VENTE         33 rows exported
EXP-00091: Exporting questionable statistics.
EXP-00091: Exporting questionable statistics.
. . exporting table                VENTELUBRIFIANT          0 rows exported
EXP-00091: Exporting questionable statistics.
EXP-00091: Exporting questionable statistics.
. . exporting table                  VENTE_DETAILS         51 rows exported
EXP-00091: Exporting questionable statistics.
EXP-00091: Exporting questionable statistics.
. . exporting table            VENTE_DETAILSTALOHA          0 rows exported
EXP-00091: Exporting questionable statistics.
. . exporting table                VERSEMENTCHEQUE          0 rows exported
EXP-00091: Exporting questionable statistics.
EXP-00091: Exporting questionable statistics.
. . exporting table         VERSEMENTCHEQUEDETAILS          0 rows exported
EXP-00091: Exporting questionable statistics.
EXP-00091: Exporting questionable statistics.
. . exporting table            VIREMENTINTRACAISSE          5 rows exported
EXP-00091: Exporting questionable statistics.
EXP-00091: Exporting questionable statistics.
. . exporting table                     VISAOBJECT          0 rows exported
EXP-00091: Exporting questionable statistics.
. . exporting table         V_ETATCAISSE_DEVISE_AR          7 rows exported
EXP-00091: Exporting questionable statistics.
. exporting synonyms
. exporting views
. exporting stored procedures
. exporting operators
. exporting referential integrity constraints
. exporting triggers
. exporting indextypes
. exporting bitmap, functional and extensible indexes
. exporting posttables actions
. exporting materialized views
. exporting snapshot logs
. exporting job queues
. exporting refresh groups and children
. exporting dimensions
. exporting post-schema procedural objects and actions
. exporting statistics
Export terminated successfully with warnings.
